<?xml version="1.0" encoding="UTF-8"?>
<!-- Generated by org.testng.reporters.JUnitXMLReporter -->
<testsuite hostname="DESKTOP-LRPC74Q" ignored="0" name="Default test" tests="4" failures="0" timestamp="2021-03-10T14:24:45 IST" time="22.912" errors="0">
  <testcase name="go_to_registration" time="0.597" classname="tests.Sanity"/>
  <testcase name="chooseAccount" time="3.238" classname="tests.Sanity"/>
  <testcase name="go_to_registration2" time="0.153" classname="tests.Sanity"/>
  <testcase name="SignUpProcess" time="2.376" classname="tests.Sanity"/>
</testsuite> <!-- Default test -->
